-------------------------------------------------------------------------------
Test set: com.example.securingweb.SecuringWebApplicationTests
-------------------------------------------------------------------------------
Tests run: 5, Failures: 1, Errors: 0, Skipped: 0, Time elapsed: 6.172 s <<< FAILURE! - in com.example.securingweb.SecuringWebApplicationTests
loginWithValidUserThenAuthenticated  Time elapsed: 0.115 s  <<< FAILURE!
java.lang.AssertionError: Authentication should not be null
	at com.example.securingweb.SecuringWebApplicationTests.loginWithValidUserThenAuthenticated(SecuringWebApplicationTests.java:34)

