<?xml version="1.0" encoding="UTF-8"?>
<testsuite xmlns:xsi="http://www.w3.org/2001/XMLSchema-instance" xsi:noNamespaceSchemaLocation="https://maven.apache.org/surefire/maven-surefire-plugin/xsd/surefire-test-report.xsd" name="com.example.securingweb.SecuringWebApplicationTests" time="18.375" tests="5" errors="0" skipped="0" failures="1">
  <properties>
[...]
</properties>
  <testcase name="accessUnsecuredResourceThenOk" classname="com.example.securingweb.SecuringWebApplicationTests" time="1.771"/>
  <testcase name="accessSecuredResourceUnauthenticatedThenRedirectsToLogin" classname="com.example.securingweb.SecuringWebApplicationTests" time="0.024"/>
  <testcase name="loginWithInvalidUserThenUnauthenticated" classname="com.example.securingweb.SecuringWebApplicationTests" time="0.335"/>
  <testcase name="loginWithValidUserThenAuthenticated" classname="com.example.securingweb.SecuringWebApplicationTests" time="0.238">
    <failure message="Authentication should not be null" type="java.lang.AssertionError">java.lang.AssertionError: Authentication should not be null
	at com.example.securingweb.SecuringWebApplicationTests.loginWithValidUserThenAuthenticated(SecuringWebApplicationTests.java:34)
</failure>
    <system-out><![CDATA[
MockHttpServletRequest:
      HTTP Method = POST
      Request URI = /login
       Parameters = {username=[user], password=[password], _csrf=[PKUYelpNZi9_R6XXpJMgAvVrvSE51S32Sq_WM-Rh7AY1iygFWZ0qG2N1UElSIsS1wL4UOs0NkBlftxzbf5ezB9ZX22IEuBs3]}
          Headers = [Accept:"application/x-www-form-urlencoded"]
             Body = null
    Session Attrs = {SPRING_SECURITY_LAST_EXCEPTION=org.springframework.security.authentication.BadCredentialsException: Bad credentials}

Handler:
             Type = null

Async:
    Async started = false
     Async result = null

Resolved Exception:
             Type = null

ModelAndView:
        View name = null
             View = null
            Model = null

FlashMap:
       Attributes = null

MockHttpServletResponse:
           Status = 302
    Error message = null
          Headers = [X-Content-Type-Options:"nosniff", X-XSS-Protection:"0", Cache-Control:"no-cache, no-store, max-age=0, must-revalidate", Pragma:"no-cache", Expires:"0", X-Frame-Options:"DENY", Location:"/login?error"]
     Content type = null
             Body = 
    Forwarded URL = null
   Redirected URL = /login?error
          Cookies = []
]]></system-out>
  </testcase>
  <testcase name="accessSecuredResourceAuthenticatedThenOk" classname="com.example.securingweb.SecuringWebApplicationTests" time="0.176"/>
</testsuite>